[01:23:06] [main/WARN]: Ambiguity between arguments [teleport, destination] and [teleport, targets] with inputs: [Player, 0123, @e, dd12be42-52a9-4a91-a8a1-11c01849e498]
[01:23:06] [main/WARN]: Ambiguity between arguments [teleport, location] and [teleport, destination] with inputs: [0.1 -0.5 .9, 0 0 0]
[01:23:06] [main/WARN]: Ambiguity between arguments [teleport, location] and [teleport, targets] with inputs: [0.1 -0.5 .9, 0 0 0]
[01:23:06] [main/WARN]: Ambiguity between arguments [teleport, targets] and [teleport, destination] with inputs: [Player, 0123, dd12be42-52a9-4a91-a8a1-11c01849e498]
[01:23:06] [main/WARN]: Ambiguity between arguments [teleport, targets, location] and [teleport, targets, destination] with inputs: [0.1 -0.5 .9, 0 0 0]
[01:23:06] [Server thread/INFO]: Starting minecraft server version 1.15.2
[01:23:06] [Server thread/INFO]: Loading properties
[01:23:06] [Server thread/INFO]: Default game type: SURVIVAL
[01:23:06] [Server thread/INFO]: Generating keypair
[01:23:06] [Server thread/INFO]: Starting Minecraft server on 192.168.2.63:25565
[01:23:06] [Server thread/INFO]: Using default channel type
[01:23:07] [Server thread/WARN]: **** SERVER IS RUNNING IN OFFLINE/INSECURE MODE!
[01:23:07] [Server thread/WARN]: The server will make no attempt to authenticate usernames. Beware.
[01:23:07] [Server thread/WARN]: While this makes the game possible to play without internet access, it also opens up the ability for hackers to connect with any username they choose.
[01:23:07] [Server thread/WARN]: To change this, set "online-mode" to "true" in the server.properties file.
[01:23:08] [Server thread/INFO]: Preparing level "world"
[01:23:08] [Server thread/INFO]: Reloading ResourceManager: Default
[01:23:08] [Server thread/INFO]: Loaded 6 recipes
[01:23:09] [Server thread/INFO]: Loaded 825 advancements
[01:23:10] [Server thread/INFO]: Preparing start region for dimension minecraft:overworld
[01:23:13] [Server thread/INFO]: Preparing spawn area: 0%
[01:23:13] [Server thread/INFO]: Preparing spawn area: 0%
[01:23:13] [Server thread/INFO]: Preparing spawn area: 0%
[01:23:13] [Server thread/INFO]: Preparing spawn area: 0%
[01:23:13] [Server thread/INFO]: Preparing spawn area: 0%
[01:23:13] [Server thread/INFO]: Preparing spawn area: 0%
[01:23:22] [Server-Worker-2/INFO]: Preparing spawn area: 0%
[01:23:22] [Server-Worker-6/INFO]: Preparing spawn area: 0%
[01:23:22] [Server-Worker-7/INFO]: Preparing spawn area: 0%
[01:23:22] [Server-Worker-2/INFO]: Preparing spawn area: 0%
[01:23:22] [Server-Worker-6/INFO]: Preparing spawn area: 0%
[01:23:22] [Server-Worker-7/INFO]: Preparing spawn area: 0%
[01:23:22] [Server-Worker-2/INFO]: Preparing spawn area: 0%
[01:23:22] [Server-Worker-1/INFO]: Preparing spawn area: 0%
[01:23:22] [Server-Worker-2/INFO]: Preparing spawn area: 0%
[01:23:22] [Server-Worker-7/INFO]: Preparing spawn area: 0%
[01:23:22] [Server-Worker-6/INFO]: Preparing spawn area: 0%
[01:23:22] [Server-Worker-7/INFO]: Preparing spawn area: 0%
[01:23:22] [Server-Worker-2/INFO]: Preparing spawn area: 0%
[01:23:22] [Server-Worker-1/INFO]: Preparing spawn area: 0%
[01:23:22] [Server-Worker-3/INFO]: Preparing spawn area: 0%
[01:23:22] [Server-Worker-2/INFO]: Preparing spawn area: 0%
[01:23:22] [Server-Worker-5/INFO]: Preparing spawn area: 0%
[01:23:22] [Server-Worker-4/INFO]: Preparing spawn area: 0%
[01:23:22] [Server thread/INFO]: Time elapsed: 11784 ms
[01:23:22] [Server thread/INFO]: Done (14.545s)! For help, type "help"
[01:23:53] [Server thread/INFO]: TrueElite[/192.168.2.63:54784] logged in with entity id 89 at (833.3524871464762, 64.0, 15.865742831996101)
[01:23:53] [Server thread/INFO]: TrueElite joined the game
[01:24:11] [Server thread/INFO]: [TrueElite: Set the time to 1000]
[01:24:37] [Server thread/INFO]: TrueElite lost connection: Disconnected
[01:24:37] [Server thread/INFO]: TrueElite left the game
[01:24:41] [Server thread/INFO]: Stopping the server
[01:24:41] [Server thread/INFO]: Stopping server
[01:24:41] [Server thread/INFO]: Saving players
[01:24:41] [Server thread/INFO]: Saving worlds
[01:24:41] [Server thread/INFO]: Saving chunks for level 'world'/minecraft:the_nether
[01:24:41] [Server thread/INFO]: ThreadedAnvilChunkStorage (DIM-1): All chunks are saved
[01:24:41] [Server thread/INFO]: Saving chunks for level 'world'/minecraft:the_end
[01:24:41] [Server thread/INFO]: ThreadedAnvilChunkStorage (DIM1): All chunks are saved
[01:24:41] [Server thread/INFO]: Saving chunks for level 'world'/minecraft:overworld
[01:24:41] [Server thread/INFO]: ThreadedAnvilChunkStorage (world): All chunks are saved
[01:24:41] [Server thread/INFO]: ThreadedAnvilChunkStorage (DIM-1): All chunks are saved
[01:24:41] [Server thread/INFO]: ThreadedAnvilChunkStorage (DIM1): All chunks are saved
[01:24:41] [Server thread/INFO]: ThreadedAnvilChunkStorage (world): All chunks are saved
